Warning: no access to tty (Bad file descriptor).
Thus no job control in this shell.
export: Command not found.
export: Command not found.
export: Command not found.
export: Command not found.
cp: omitting directory `input'
cp: omitting directory `original_files'
[1] 26903
[1]    Done                          ( cd ${WKDR}; mpirun -hostfile hosts_olds -loadbalance -npernode 1 -n ${NNODEs} sss2 -omp ${NCPUs} ${sINP} >> sss2.out )
[1] 27054
[1]    Done                          ( cd ${WKDR}; cp fuel.inp ${sINP}suffleNo${var} )
[1] 27055
[1]    Done                          ( cd ${WKDR}; cp ${sINP}.bumat${noBUsteps} fuel.inp )
[1] 27056
[1]    Done                          ( cd ${WKDR}; python Shuffling.py )
[1] 27058
[1]    Done                          ( cd ${WKDR}; mv ${sINP}.* ${sINP}suffleNo${var} )
[1] 27059
[1]    Done                          ( cd ${WKDR}; mv ${sINP}_* ${sINP}suffleNo${var} )
[1] 27060
[1]    Done                          ( cd ${WKDR}; mv sss2.out ${sINP}suffleNo${var} )
[1] 27070
[1]    Done                          ( cd ${WKDR}; mpirun -hostfile hosts_olds -loadbalance -npernode 1 -n ${NNODEs} sss2 -omp ${NCPUs} ${sINP} >> sss2.out )
[1] 27243
[1]    Done                          ( cd ${WKDR}; cp fuel.inp ${sINP}suffleNo${var} )
[1] 27244
[1]    Done                          ( cd ${WKDR}; cp ${sINP}.bumat${noBUsteps} fuel.inp )
[1] 27245
[1]    Done                          ( cd ${WKDR}; python Shuffling.py )
[1] 27246
[1]    Done                          ( cd ${WKDR}; mv ${sINP}.* ${sINP}suffleNo${var} )
[1] 27247
[1]    Done                          ( cd ${WKDR}; mv ${sINP}_* ${sINP}suffleNo${var} )
[1] 27248
[1]    Done                          ( cd ${WKDR}; mv sss2.out ${sINP}suffleNo${var} )
[1] 27258
[1]    Done                          ( cd ${WKDR}; mpirun -hostfile hosts_olds -loadbalance -npernode 1 -n ${NNODEs} sss2 -omp ${NCPUs} ${sINP} >> sss2.out )
[1] 27408
[1]    Done                          ( cd ${WKDR}; cp fuel.inp ${sINP}suffleNo${var} )
[1] 27409
[1]    Done                          ( cd ${WKDR}; cp ${sINP}.bumat${noBUsteps} fuel.inp )
[1] 27410
[1]    Done                          ( cd ${WKDR}; python Shuffling.py )
[1] 27415
[1]    Done                          ( cd ${WKDR}; mv ${sINP}.* ${sINP}suffleNo${var} )
[1] 27416
[1]    Done                          ( cd ${WKDR}; mv ${sINP}_* ${sINP}suffleNo${var} )
[1] 27417
[1]    Done                          ( cd ${WKDR}; mv sss2.out ${sINP}suffleNo${var} )
[1] 27427
[1]    Done                          ( cd ${WKDR}; mpirun -hostfile hosts_olds -loadbalance -npernode 1 -n ${NNODEs} sss2 -omp ${NCPUs} ${sINP} >> sss2.out )
[1] 27575
[1]    Done                          ( cd ${WKDR}; cp fuel.inp ${sINP}suffleNo${var} )
[1] 27576
[1]    Done                          ( cd ${WKDR}; cp ${sINP}.bumat${noBUsteps} fuel.inp )
[1] 27577
[1]    Done                          ( cd ${WKDR}; python Shuffling.py )
[1] 27589
[1]    Done                          ( cd ${WKDR}; mv ${sINP}.* ${sINP}suffleNo${var} )
[1] 27590
[1]    Done                          ( cd ${WKDR}; mv ${sINP}_* ${sINP}suffleNo${var} )
[1] 27591
[1]    Done                          ( cd ${WKDR}; mv sss2.out ${sINP}suffleNo${var} )
